2025-02-01 18:32:08.655 [info] [main] Log level: Info
2025-02-01 18:32:08.655 [info] [main] Validating found git in: "git"
2025-02-01 18:32:08.655 [info] [main] Using git "2.48.1" from "git"
2025-02-01 18:32:08.655 [info] [Model][doInitialScan] Initial repository scan started
2025-02-01 18:32:08.655 [info] > git rev-parse --show-toplevel [4ms]
2025-02-01 18:32:08.655 [info] > git rev-parse --git-dir --git-common-dir [26ms]
2025-02-01 18:32:08.655 [info] [Model][openRepository] Opened repository: /home/ccrocker/resume
2025-02-01 18:32:08.667 [info] > git rev-parse --show-toplevel [6ms]
2025-02-01 18:32:08.667 [info] > git config --get commit.template [8ms]
2025-02-01 18:32:08.676 [info] > git for-each-ref --format=%(refname)%00%(upstream:short)%00%(objectname)%00%(upstream:track)%00%(upstream:remotename)%00%(upstream:remoteref) refs/heads/main refs/remotes/main [1ms]
2025-02-01 18:32:08.676 [info] > git rev-parse --show-toplevel [5ms]
2025-02-01 18:32:08.679 [warning] [Git][revParse] Unable to read file: ENOENT: no such file or directory, open '/home/ccrocker/resume/.git/refs/remotes/origin/main'
2025-02-01 18:32:08.682 [info] > git rev-parse refs/remotes/origin/main [3ms]
2025-02-01 18:32:08.690 [info] > git rev-parse --show-toplevel [9ms]
2025-02-01 18:32:08.690 [info] [Model][doInitialScan] Initial repository scan completed - repositories (1), closed repositories (0), parent repositories (0), unsafe repositories (0)
2025-02-01 18:32:08.691 [info] > git for-each-ref --sort -committerdate --format %(refname) %(objectname) %(*objectname) [1ms]
2025-02-01 18:32:08.856 [info] > git status -z -uall [171ms]
2025-02-01 18:32:08.867 [info] > git for-each-ref --format=%(refname)%00%(upstream:short)%00%(objectname)%00%(upstream:track)%00%(upstream:remotename)%00%(upstream:remoteref) refs/heads/main refs/remotes/main [4ms]
2025-02-01 18:32:08.871 [info] > git config --get commit.template [4ms]
2025-02-01 18:32:08.872 [info] > git config --local branch.main.vscode-merge-base [2ms]
2025-02-01 18:32:08.878 [info] > git for-each-ref --format=%(refname)%00%(upstream:short)%00%(objectname)%00%(upstream:track)%00%(upstream:remotename)%00%(upstream:remoteref) refs/heads/origin/main refs/remotes/origin/main [3ms]
2025-02-01 18:32:08.910 [info] > git merge-base refs/heads/main refs/remotes/origin/main [29ms]
2025-02-01 18:32:08.913 [info] > git for-each-ref --format=%(refname)%00%(upstream:short)%00%(objectname)%00%(upstream:track)%00%(upstream:remotename)%00%(upstream:remoteref) refs/heads/main refs/remotes/main [35ms]
2025-02-01 18:32:08.917 [warning] [Git][revParse] Unable to read file: ENOENT: no such file or directory, open '/home/ccrocker/resume/.git/refs/remotes/origin/main'
2025-02-01 18:32:08.918 [info] > git diff --name-status -z --diff-filter=ADMR 9b7d8634af7130637f7c9936c4ba9d67bf3e818a...refs/remotes/origin/main [5ms]
2025-02-01 18:32:08.919 [info] > git rev-parse refs/remotes/origin/main [2ms]
2025-02-01 18:32:08.924 [info] > git for-each-ref --sort -committerdate --format %(refname) %(objectname) %(*objectname) [1ms]
2025-02-01 18:32:08.955 [info] > git show --textconv :interviews/ChargerHelp!.md [3ms]
2025-02-01 18:32:08.956 [info] > git ls-files --stage -- /home/ccrocker/resume/interviews/ChargerHelp!.md [1ms]
2025-02-01 18:32:08.963 [info] > git cat-file -s 70a872ce21d7582ce3e909625aae8d604bd6e766 [4ms]
2025-02-01 18:32:08.974 [info] > git blame --root --incremental 9b7d8634af7130637f7c9936c4ba9d67bf3e818a -- /home/ccrocker/resume/interviews/ChargerHelp!.md [1ms]
2025-02-01 18:32:09.094 [info] > git status -z -uall [173ms]
2025-02-01 18:32:09.183 [info] > git check-ignore -v -z --stdin [4ms]
2025-02-01 18:33:14.244 [info] > git check-ignore -v -z --stdin [4ms]
2025-02-01 18:33:29.221 [info] > git log --format=%H%n%aN%n%aE%n%at%n%ct%n%P%n%D%n%B -z --shortstat --diff-merges=first-parent -n50 --skip=0 --topo-order --decorate=full --stdin [602ms]
2025-02-01 18:33:40.837 [info] > git add -A -- /home/ccrocker/resume/interviews/ChargerHelp!.md [206ms]
2025-02-01 18:33:40.845 [info] > git config --get commit.template [4ms]
2025-02-01 18:33:40.845 [info] > git for-each-ref --format=%(refname)%00%(upstream:short)%00%(objectname)%00%(upstream:track)%00%(upstream:remotename)%00%(upstream:remoteref) refs/heads/main refs/remotes/main [0ms]
2025-02-01 18:33:40.848 [warning] [Git][revParse] Unable to read file: ENOENT: no such file or directory, open '/home/ccrocker/resume/.git/refs/remotes/origin/main'
2025-02-01 18:33:40.849 [info] > git rev-parse refs/remotes/origin/main [1ms]
2025-02-01 18:33:40.855 [info] > git status -z -uall [4ms]
2025-02-01 18:33:40.855 [info] > git for-each-ref --sort -committerdate --format %(refname) %(objectname) %(*objectname) [1ms]
2025-02-01 18:33:41.199 [info] > git show --textconv HEAD:interviews/ChargerHelp!.md [18ms]
2025-02-01 18:33:41.202 [info] > git ls-tree -l HEAD -- /home/ccrocker/resume/interviews/ChargerHelp!.md [5ms]
2025-02-01 18:33:41.752 [info] > git -c user.useConfigOnly=true commit --quiet --allow-empty-message --file - [14ms]
2025-02-01 18:33:41.759 [info] > git config --get commit.template [2ms]
2025-02-01 18:33:41.766 [info] > git config --get commit.template [1ms]
2025-02-01 18:33:41.771 [info] > git for-each-ref --format=%(refname)%00%(upstream:short)%00%(objectname)%00%(upstream:track)%00%(upstream:remotename)%00%(upstream:remoteref) refs/heads/main refs/remotes/main [1ms]
2025-02-01 18:33:41.775 [warning] [Git][revParse] Unable to read file: ENOENT: no such file or directory, open '/home/ccrocker/resume/.git/refs/remotes/origin/main'
2025-02-01 18:33:41.775 [info] > git rev-parse refs/remotes/origin/main [0ms]
2025-02-01 18:33:41.783 [info] > git status -z -uall [4ms]
2025-02-01 18:33:41.783 [info] > git for-each-ref --sort -committerdate --format %(refname) %(objectname) %(*objectname) [0ms]
2025-02-01 18:33:41.795 [info] > git merge-base refs/heads/main refs/remotes/origin/main [2ms]
2025-02-01 18:33:41.799 [info] > git blame --root --incremental e1f27a2badcfbefe3b0a1bfaee926f64a76f3b25 -- /home/ccrocker/resume/interviews/ChargerHelp!.md [10ms]
2025-02-01 18:33:41.800 [info] > git diff --name-status -z --diff-filter=ADMR 9b7d8634af7130637f7c9936c4ba9d67bf3e818a...refs/remotes/origin/main [1ms]
2025-02-01 18:33:41.817 [info] > git config --get commit.template [4ms]
2025-02-01 18:33:41.818 [info] > git for-each-ref --format=%(refname)%00%(upstream:short)%00%(objectname)%00%(upstream:track)%00%(upstream:remotename)%00%(upstream:remoteref) refs/heads/main refs/remotes/main [1ms]
2025-02-01 18:33:41.822 [warning] [Git][revParse] Unable to read file: ENOENT: no such file or directory, open '/home/ccrocker/resume/.git/refs/remotes/origin/main'
2025-02-01 18:33:41.823 [info] > git rev-parse refs/remotes/origin/main [1ms]
2025-02-01 18:33:41.830 [info] > git status -z -uall [4ms]
2025-02-01 18:33:41.830 [info] > git for-each-ref --sort -committerdate --format %(refname) %(objectname) %(*objectname) [1ms]
2025-02-01 18:33:42.008 [info] > git config --get commit.template [3ms]
2025-02-01 18:33:42.008 [info] > git for-each-ref --format=%(refname)%00%(upstream:short)%00%(objectname)%00%(upstream:track)%00%(upstream:remotename)%00%(upstream:remoteref) refs/heads/main refs/remotes/main [1ms]
2025-02-01 18:33:42.011 [warning] [Git][revParse] Unable to read file: ENOENT: no such file or directory, open '/home/ccrocker/resume/.git/refs/remotes/origin/main'
2025-02-01 18:33:42.012 [info] > git rev-parse refs/remotes/origin/main [1ms]
2025-02-01 18:33:42.019 [info] > git status -z -uall [5ms]
2025-02-01 18:33:42.019 [info] > git for-each-ref --sort -committerdate --format %(refname) %(objectname) %(*objectname) [1ms]
2025-02-01 18:33:42.376 [info] > git log --format=%H%n%aN%n%aE%n%at%n%ct%n%P%n%D%n%B -z --shortstat --diff-merges=first-parent -n50 --skip=0 --topo-order --decorate=full --stdin [572ms]
2025-02-01 18:33:42.924 [info] > git ls-files --stage -- /home/ccrocker/resume/interviews/ChargerHelp!.md [1ms]
2025-02-01 18:33:42.928 [info] > git cat-file -s 501ba1e69a4021c33b8f73cd1873de9fcf851924 [1ms]
2025-02-01 18:33:42.934 [info] > git show --textconv :interviews/ChargerHelp!.md [1ms]
2025-02-01 18:33:44.730 [info] > git log --oneline --cherry main...main@{upstream} -- [1ms]
2025-02-01 18:33:45.183 [info] > git pull --tags origin main [446ms]
2025-02-01 18:33:45.183 [info] From https://github.com/ccrocker72/resume
 * branch            main       -> FETCH_HEAD
2025-02-01 18:33:45.930 [info] > git push origin main:main [732ms]
2025-02-01 18:33:45.930 [info] To https://github.com/ccrocker72/resume.git
   9b7d863..e1f27a2  main -> main
2025-02-01 18:33:45.950 [info] > git config --get commit.template [3ms]
2025-02-01 18:33:45.967 [info] > git for-each-ref --format=%(refname)%00%(upstream:short)%00%(objectname)%00%(upstream:track)%00%(upstream:remotename)%00%(upstream:remoteref) refs/heads/main refs/remotes/main [4ms]
2025-02-01 18:33:45.994 [info] > git status -z -uall [14ms]
2025-02-01 18:33:45.996 [info] > git for-each-ref --sort -committerdate --format %(refname) %(objectname) %(*objectname) [4ms]
2025-02-01 18:33:46.011 [info] > git merge-base refs/heads/main refs/remotes/origin/main [2ms]
2025-02-01 18:33:46.019 [info] > git diff --name-status -z --diff-filter=ADMR e1f27a2badcfbefe3b0a1bfaee926f64a76f3b25...refs/remotes/origin/main [2ms]
2025-02-01 18:33:46.602 [info] > git log --format=%H%n%aN%n%aE%n%at%n%ct%n%P%n%D%n%B -z --shortstat --diff-merges=first-parent -n50 --skip=0 --topo-order --decorate=full --stdin [577ms]
2025-02-01 18:34:27.409 [info] > git config --get commit.template [5ms]
2025-02-01 18:34:27.410 [info] > git for-each-ref --format=%(refname)%00%(upstream:short)%00%(objectname)%00%(upstream:track)%00%(upstream:remotename)%00%(upstream:remoteref) refs/heads/main refs/remotes/main [1ms]
2025-02-01 18:34:27.421 [info] > git status -z -uall [6ms]
2025-02-01 18:34:27.422 [info] > git for-each-ref --sort -committerdate --format %(refname) %(objectname) %(*objectname) [1ms]
2025-02-01 18:34:27.447 [info] > git ls-files --stage -- /home/ccrocker/resume/interviews/ChargerHelp!.md [1ms]
2025-02-01 18:34:27.452 [info] > git cat-file -s 501ba1e69a4021c33b8f73cd1873de9fcf851924 [1ms]
2025-02-01 18:34:27.457 [info] > git show --textconv :interviews/ChargerHelp!.md [1ms]
2025-02-01 18:35:29.785 [info] [main] Log level: Info
2025-02-01 18:35:29.785 [info] [main] Validating found git in: "git"
2025-02-01 18:35:29.785 [info] [main] Using git "2.48.1" from "git"
2025-02-01 18:35:29.785 [info] [Model][doInitialScan] Initial repository scan started
2025-02-01 18:35:29.785 [info] > git rev-parse --show-toplevel [6ms]
2025-02-01 18:35:29.792 [info] > git rev-parse --git-dir --git-common-dir [1ms]
2025-02-01 18:35:29.799 [info] [Model][openRepository] Opened repository: /home/ccrocker/de_zoomcamp
2025-02-01 18:35:29.808 [info] > git rev-parse --show-toplevel [1ms]
2025-02-01 18:35:29.809 [info] [Model][doInitialScan] Initial repository scan completed - repositories (1), closed repositories (0), parent repositories (0), unsafe repositories (0)
2025-02-01 18:35:29.809 [info] > git config --get commit.template [4ms]
2025-02-01 18:35:29.835 [info] > git for-each-ref --format=%(refname)%00%(upstream:short)%00%(objectname)%00%(upstream:track)%00%(upstream:remotename)%00%(upstream:remoteref) refs/heads/main refs/remotes/main [2ms]
2025-02-01 18:35:29.837 [warning] [Git][revParse] Unable to read file: ENOENT: no such file or directory, open '/home/ccrocker/de_zoomcamp/.git/refs/remotes/origin/main'
2025-02-01 18:35:29.838 [info] > git rev-parse refs/remotes/origin/main [1ms]
2025-02-01 18:35:29.844 [info] > git status -z -uall [4ms]
2025-02-01 18:35:29.844 [info] > git for-each-ref --sort -committerdate --format %(refname) %(objectname) %(*objectname) [1ms]
2025-02-01 18:35:29.854 [info] > git for-each-ref --format=%(refname)%00%(upstream:short)%00%(objectname)%00%(upstream:track)%00%(upstream:remotename)%00%(upstream:remoteref) refs/heads/main refs/remotes/main [4ms]
2025-02-01 18:35:29.858 [info] > git config --local branch.main.vscode-merge-base [1ms]
2025-02-01 18:35:29.858 [warning] [Git][config] git config failed: Failed to execute git
2025-02-01 18:35:29.861 [info] > git config --get commit.template [7ms]
2025-02-01 18:35:29.885 [info] > git reflog main --grep-reflog=branch: Created from *. [25ms]
2025-02-01 18:35:29.891 [info] > git symbolic-ref --short refs/remotes/origin/HEAD [4ms]
2025-02-01 18:35:29.894 [info] > git for-each-ref --format=%(refname)%00%(upstream:short)%00%(objectname)%00%(upstream:track)%00%(upstream:remotename)%00%(upstream:remoteref) refs/heads/main refs/remotes/main [3ms]
2025-02-01 18:35:29.897 [warning] [Git][revParse] Unable to read file: ENOENT: no such file or directory, open '/home/ccrocker/de_zoomcamp/.git/refs/remotes/origin/main'
2025-02-01 18:35:29.898 [info] > git for-each-ref --format=%(refname)%00%(upstream:short)%00%(objectname)%00%(upstream:track)%00%(upstream:remotename)%00%(upstream:remoteref) refs/heads/origin/main refs/remotes/origin/main [5ms]
2025-02-01 18:35:29.901 [info] > git rev-parse refs/remotes/origin/main [4ms]
2025-02-01 18:35:29.914 [info] > git status -z -uall [10ms]
2025-02-01 18:35:29.914 [info] > git for-each-ref --sort -committerdate --format %(refname) %(objectname) %(*objectname) [8ms]
2025-02-01 18:35:29.919 [info] > git config --local branch.main.vscode-merge-base origin/main [19ms]
2025-02-01 18:35:29.922 [info] > git for-each-ref --format=%(refname)%00%(upstream:short)%00%(objectname)%00%(upstream:track)%00%(upstream:remotename)%00%(upstream:remoteref) refs/heads/main refs/remotes/main [4ms]
2025-02-01 18:35:29.926 [info] > git config --local branch.main.vscode-merge-base [1ms]
2025-02-01 18:35:29.929 [info] > git config --get commit.template [7ms]
2025-02-01 18:35:29.933 [info] > git for-each-ref --format=%(refname)%00%(upstream:short)%00%(objectname)%00%(upstream:track)%00%(upstream:remotename)%00%(upstream:remoteref) refs/heads/origin/main refs/remotes/origin/main [3ms]
2025-02-01 18:35:29.984 [info] > git merge-base refs/heads/main refs/remotes/origin/main [48ms]
2025-02-01 18:35:29.987 [info] > git for-each-ref --format=%(refname)%00%(upstream:short)%00%(objectname)%00%(upstream:track)%00%(upstream:remotename)%00%(upstream:remoteref) refs/heads/main refs/remotes/main [55ms]
2025-02-01 18:35:29.990 [warning] [Git][revParse] Unable to read file: ENOENT: no such file or directory, open '/home/ccrocker/de_zoomcamp/.git/refs/remotes/origin/main'
2025-02-01 18:35:29.990 [info] > git diff --name-status -z --diff-filter=ADMR b6fec518201562fcd9e6186e65a87ae83c3fd517...refs/remotes/origin/main [3ms]
2025-02-01 18:35:29.991 [info] > git rev-parse refs/remotes/origin/main [1ms]
2025-02-01 18:35:29.996 [info] > git status -z -uall [3ms]
2025-02-01 18:35:29.996 [info] > git for-each-ref --sort -committerdate --format %(refname) %(objectname) %(*objectname) [0ms]
2025-02-01 18:35:30.314 [info] > git check-ignore -v -z --stdin [0ms]
2025-02-01 18:35:37.828 [info] > git show --textconv :README.md [6ms]
2025-02-01 18:35:37.836 [info] > git ls-files --stage -- /home/ccrocker/de_zoomcamp/README.md [9ms]
2025-02-01 18:35:37.845 [info] > git cat-file -s aa4ce4b6e4dce4106d05e996d2d2acf10c9d655d [5ms]
2025-02-01 18:37:17.445 [info] > git check-ignore -v -z --stdin [1ms]
2025-02-01 18:37:51.239 [info] > git check-ignore -v -z --stdin [1ms]
2025-02-01 18:39:14.700 [info] > git config --get commit.template [4ms]
2025-02-01 18:39:14.700 [info] > git for-each-ref --format=%(refname)%00%(upstream:short)%00%(objectname)%00%(upstream:track)%00%(upstream:remotename)%00%(upstream:remoteref) refs/heads/main refs/remotes/main [1ms]
2025-02-01 18:39:14.704 [warning] [Git][revParse] Unable to read file: ENOENT: no such file or directory, open '/home/ccrocker/de_zoomcamp/.git/refs/remotes/origin/main'
2025-02-01 18:39:14.704 [info] > git rev-parse refs/remotes/origin/main [1ms]
2025-02-01 18:39:14.711 [info] > git status -z -uall [4ms]
2025-02-01 18:39:14.712 [info] > git for-each-ref --sort -committerdate --format %(refname) %(objectname) %(*objectname) [1ms]
2025-02-01 18:39:14.718 [info] > git merge-base refs/heads/main refs/remotes/origin/main [1ms]
2025-02-01 18:39:14.722 [info] > git diff --name-status -z --diff-filter=ADMR b6fec518201562fcd9e6186e65a87ae83c3fd517...refs/remotes/origin/main [1ms]
2025-02-01 18:39:14.731 [info] > git ls-files --stage -- /home/ccrocker/de_zoomcamp/README.md [1ms]
2025-02-01 18:39:14.736 [info] > git cat-file -s aa4ce4b6e4dce4106d05e996d2d2acf10c9d655d [1ms]
2025-02-01 18:39:14.743 [info] > git show --textconv :README.md [1ms]
2025-02-01 18:39:19.371 [info] > git check-ignore -v -z --stdin [1ms]
2025-02-01 18:39:19.754 [info] > git config --get commit.template [18ms]
2025-02-01 18:39:19.756 [info] > git for-each-ref --format=%(refname)%00%(upstream:short)%00%(objectname)%00%(upstream:track)%00%(upstream:remotename)%00%(upstream:remoteref) refs/heads/main refs/remotes/main [4ms]
2025-02-01 18:39:19.764 [warning] [Git][revParse] Unable to read file: ENOENT: no such file or directory, open '/home/ccrocker/de_zoomcamp/.git/refs/remotes/origin/main'
2025-02-01 18:39:19.766 [info] > git rev-parse refs/remotes/origin/main [2ms]
2025-02-01 18:39:19.777 [info] > git status -z -uall [6ms]
2025-02-01 18:39:19.778 [info] > git for-each-ref --sort -committerdate --format %(refname) %(objectname) %(*objectname) [2ms]
2025-02-01 18:39:21.575 [info] > git show --textconv :02-workflow-orchestration/README.md [23ms]
2025-02-01 18:39:21.576 [info] > git ls-files --stage -- /home/ccrocker/de_zoomcamp/02-workflow-orchestration/README.md [3ms]
2025-02-01 18:39:21.584 [info] > git cat-file -s ebaae85bc38647431065a885b666fc77fa344bd4 [1ms]
