2025-02-02 15:44:22.415 [info] Reading sessions from keychain...
2025-02-02 15:44:22.415 [info] Getting sessions for all scopes...
2025-02-02 15:44:22.415 [info] Getting sessions for all scopes...
2025-02-02 15:44:22.415 [info] Got stored sessions!
2025-02-02 15:44:22.415 [info] Got 1 verified sessions.
2025-02-02 15:44:22.415 [info] Got 1 sessions for ...
2025-02-02 15:44:22.415 [info] Got 1 sessions for ...
2025-02-02 15:44:22.415 [info] Getting sessions for read:user,repo,user:email,workflow...
2025-02-02 15:44:22.415 [info] Got 1 sessions for read:user,repo,user:email,workflow...
2025-02-02 15:44:22.714 [info] Getting sessions for read:user,repo,user:email,workflow...
2025-02-02 15:44:22.714 [info] Got 1 sessions for read:user,repo,user:email,workflow...
2025-02-02 15:44:23.956 [info] Getting sessions for all scopes...
2025-02-02 15:44:23.957 [info] Got 1 sessions for ...
2025-02-02 15:44:46.946 [info] Reading sessions from keychain...
2025-02-02 15:44:46.946 [info] Getting sessions for all scopes...
2025-02-02 15:44:46.946 [info] Getting sessions for all scopes...
2025-02-02 15:44:46.946 [info] Got stored sessions!
2025-02-02 15:44:46.946 [info] Got 1 verified sessions.
2025-02-02 15:44:46.946 [info] Got 1 sessions for ...
2025-02-02 15:44:46.946 [info] Got 1 sessions for ...
2025-02-02 15:44:46.946 [info] Getting sessions for read:user,repo,user:email,workflow...
2025-02-02 15:44:46.946 [info] Got 1 sessions for read:user,repo,user:email,workflow...
2025-02-02 15:44:47.321 [info] Getting sessions for read:user,repo,user:email,workflow...
2025-02-02 15:44:47.321 [info] Got 1 sessions for read:user,repo,user:email,workflow...
2025-02-02 15:44:48.751 [info] Getting sessions for all scopes...
2025-02-02 15:44:48.751 [info] Got 1 sessions for ...
