2025-02-01 18:32:08.933 [info] Reading sessions from keychain...
2025-02-01 18:32:08.933 [info] Getting sessions for all scopes...
2025-02-01 18:32:08.933 [info] Getting sessions for all scopes...
2025-02-01 18:32:08.933 [info] Got stored sessions!
2025-02-01 18:32:08.933 [info] Got 1 verified sessions.
2025-02-01 18:32:08.933 [info] Got 1 sessions for ...
2025-02-01 18:32:08.933 [info] Got 1 sessions for ...
2025-02-01 18:32:08.933 [info] Getting sessions for read:user,repo,user:email,workflow...
2025-02-01 18:32:08.933 [info] Got 1 sessions for read:user,repo,user:email,workflow...
2025-02-01 18:32:09.385 [info] Getting sessions for read:user,repo,user:email,workflow...
2025-02-01 18:32:09.385 [info] Got 1 sessions for read:user,repo,user:email,workflow...
2025-02-01 18:32:11.774 [info] Getting sessions for all scopes...
2025-02-01 18:32:11.774 [info] Got 1 sessions for ...
2025-02-01 18:33:44.924 [info] Getting sessions for read:user,repo,user:email,workflow...
2025-02-01 18:33:44.924 [info] Got 1 sessions for read:user,repo,user:email,workflow...
2025-02-01 18:33:45.427 [info] Getting sessions for read:user,repo,user:email,workflow...
2025-02-01 18:33:45.427 [info] Got 1 sessions for read:user,repo,user:email,workflow...
2025-02-01 18:35:29.919 [info] Reading sessions from keychain...
2025-02-01 18:35:29.919 [info] Getting sessions for all scopes...
2025-02-01 18:35:29.919 [info] Getting sessions for all scopes...
2025-02-01 18:35:29.919 [info] Got stored sessions!
2025-02-01 18:35:29.919 [info] Got 1 verified sessions.
2025-02-01 18:35:29.919 [info] Got 1 sessions for ...
2025-02-01 18:35:29.919 [info] Got 1 sessions for ...
2025-02-01 18:35:29.919 [info] Getting sessions for read:user,repo,user:email,workflow...
2025-02-01 18:35:29.919 [info] Got 1 sessions for read:user,repo,user:email,workflow...
2025-02-01 18:35:30.195 [info] Getting sessions for read:user,repo,user:email,workflow...
2025-02-01 18:35:30.195 [info] Got 1 sessions for read:user,repo,user:email,workflow...
2025-02-01 18:35:31.747 [info] Getting sessions for all scopes...
2025-02-01 18:35:31.747 [info] Got 1 sessions for ...
