2025-01-23 20:19:31.472 [info] Reading sessions from keychain...
2025-01-23 20:19:31.472 [info] Getting sessions for all scopes...
2025-01-23 20:19:31.472 [info] Getting sessions for all scopes...
2025-01-23 20:19:31.472 [info] Got 0 sessions for ...
2025-01-23 20:19:31.472 [info] Got 0 sessions for ...
2025-01-23 20:19:31.472 [info] Getting sessions for read:user,repo,user:email,workflow...
2025-01-23 20:19:31.472 [info] Got 0 sessions for read:user,repo,user:email,workflow...
2025-01-23 20:19:33.958 [info] Logging in with 'any' account...
2025-01-23 20:19:33.958 [info] Logging in for the following scopes: read:user repo user:email workflow
2025-01-23 20:19:33.965 [info] Trying device code flow... (read:user repo user:email workflow)
2025-01-23 20:19:56.176 [info] Getting user info...
2025-01-23 20:19:56.478 [info] Got account info!
2025-01-23 20:19:56.480 [info] Storing 1 sessions...
2025-01-23 20:20:05.190 [info] Reading sessions from keychain...
2025-01-23 20:20:05.190 [info] Stored 1 sessions!
2025-01-23 20:20:05.190 [info] Login success!
2025-01-23 20:20:05.208 [info] Got stored sessions!
2025-01-23 20:20:05.208 [info] Got 1 verified sessions.
2025-01-23 20:20:15.100 [info] Reading sessions from keychain...
2025-01-23 20:20:15.100 [info] Getting sessions for all scopes...
2025-01-23 20:20:15.100 [info] Getting sessions for all scopes...
2025-01-23 20:20:15.100 [info] Got stored sessions!
2025-01-23 20:20:15.100 [info] Got 1 verified sessions.
2025-01-23 20:20:15.100 [info] Got 1 sessions for ...
2025-01-23 20:20:15.100 [info] Got 1 sessions for ...
2025-01-23 20:20:15.100 [info] Getting sessions for read:user,repo,user:email,workflow...
2025-01-23 20:20:15.100 [info] Got 1 sessions for read:user,repo,user:email,workflow...
2025-01-23 20:20:15.455 [info] Getting sessions for read:user,repo,user:email,workflow...
2025-01-23 20:20:15.455 [info] Got 1 sessions for read:user,repo,user:email,workflow...
