2025-01-23 20:18:47.120 [info] Added views:outline in workbench.view.explorer
2025-01-23 20:18:47.120 [info] Added views:workbench.view.search in workbench.view.search
2025-01-23 20:18:47.120 [info] Added views:workbench.scm in workbench.view.scm
2025-01-23 20:18:47.120 [info] Added views:workbench.panel.markers.view in workbench.panel.markers
2025-01-23 20:18:47.120 [info] Added views:workbench.panel.output in workbench.panel.output
2025-01-23 20:18:47.120 [info] Added views:terminal in terminal
2025-01-23 20:18:47.120 [info] Added views:timeline in workbench.view.explorer
2025-01-23 20:18:47.120 [info] Added views:workbench.explorer.emptyView in workbench.view.explorer
2025-01-23 20:18:47.430 [info] Added views:workbench.debug.welcome in workbench.view.debug
2025-01-23 20:18:47.460 [info] Added views:~remote.forwardedPorts in ~remote.forwardedPortsContainer
2025-01-23 20:18:47.555 [info] Added views:workbench.panel.repl.view in workbench.panel.repl
2025-01-23 20:20:09.774 [info] Added views:outline in workbench.view.explorer
2025-01-23 20:20:09.774 [info] Added views:workbench.view.search in workbench.view.search
2025-01-23 20:20:09.774 [info] Added views:workbench.scm in workbench.view.scm
2025-01-23 20:20:09.774 [info] Added views:workbench.panel.markers.view in workbench.panel.markers
2025-01-23 20:20:09.774 [info] Added views:workbench.panel.output in workbench.panel.output
2025-01-23 20:20:09.774 [info] Added views:terminal in terminal
2025-01-23 20:20:09.774 [info] Added views:timeline in workbench.view.explorer
2025-01-23 20:20:09.774 [info] Added views:workbench.explorer.fileView in workbench.view.explorer
2025-01-23 20:20:10.058 [info] Added views:workbench.debug.variablesView,workbench.debug.watchExpressionsView,workbench.debug.callStackView,workbench.debug.breakPointsView in workbench.view.debug
2025-01-23 20:20:10.059 [info] Added views:~remote.forwardedPorts in ~remote.forwardedPortsContainer
2025-01-23 20:20:10.225 [info] Added views:workbench.panel.repl.view in workbench.panel.repl
2025-01-23 20:20:10.226 [info] Removed views:workbench.debug.breakPointsView,workbench.debug.callStackView,workbench.debug.watchExpressionsView,workbench.debug.variablesView from workbench.view.debug
2025-01-23 20:20:10.226 [info] Added views:workbench.debug.welcome in workbench.view.debug
2025-01-23 20:20:14.801 [info] Added views:workbench.scm.history in workbench.view.scm
2025-01-23 20:20:23.653 [info] Added views:workbench.views.extensions.installed,workbench.views.extensions.popular,extensions.recommendedList in workbench.view.extensions
2025-01-23 20:20:23.656 [info] Removed views:workbench.views.extensions.popular from workbench.view.extensions
2025-01-23 20:20:23.809 [info] Added views:workbench.views.extensions.popular in workbench.view.extensions
2025-01-23 20:38:13.653 [info] Removed views:extensions.recommendedList,workbench.views.extensions.popular,workbench.views.extensions.installed from workbench.view.extensions
2025-01-23 20:38:13.669 [info] Added views:workbench.views.extensions.marketplace in workbench.view.extensions
2025-01-23 21:21:36.108 [info] Removed views:workbench.scm.history from workbench.view.scm
