2025-02-02 15:44:21.296 [info] Added views:outline in workbench.view.explorer
2025-02-02 15:44:21.296 [info] Added views:workbench.view.search in workbench.view.search
2025-02-02 15:44:21.296 [info] Added views:workbench.scm in workbench.view.scm
2025-02-02 15:44:21.296 [info] Added views:workbench.panel.markers.view in workbench.panel.markers
2025-02-02 15:44:21.296 [info] Added views:workbench.panel.output in workbench.panel.output
2025-02-02 15:44:21.296 [info] Added views:terminal in terminal
2025-02-02 15:44:21.296 [info] Added views:timeline in workbench.view.explorer
2025-02-02 15:44:21.296 [info] Added views:workbench.explorer.openEditorsView,workbench.explorer.fileView in workbench.view.explorer
2025-02-02 15:44:21.449 [info] Added views:workbench.debug.welcome in workbench.view.debug
2025-02-02 15:44:21.772 [info] Added views:workbench.panel.repl.view in workbench.panel.repl
2025-02-02 15:44:22.141 [info] Added views:~remote.forwardedPorts in ~remote.forwardedPortsContainer
2025-02-02 15:44:22.280 [info] Added views:workbench.scm.history in workbench.view.scm
2025-02-02 15:44:45.987 [info] Removed views:workbench.scm.history from workbench.view.scm
2025-02-02 15:44:46.234 [info] Added views:outline in workbench.view.explorer
2025-02-02 15:44:46.234 [info] Added views:workbench.view.search in workbench.view.search
2025-02-02 15:44:46.234 [info] Added views:workbench.scm in workbench.view.scm
2025-02-02 15:44:46.234 [info] Added views:workbench.panel.markers.view in workbench.panel.markers
2025-02-02 15:44:46.234 [info] Added views:workbench.panel.output in workbench.panel.output
2025-02-02 15:44:46.234 [info] Added views:terminal in terminal
2025-02-02 15:44:46.234 [info] Added views:timeline in workbench.view.explorer
2025-02-02 15:44:46.234 [info] Added views:workbench.explorer.openEditorsView,workbench.explorer.fileView in workbench.view.explorer
2025-02-02 15:44:46.260 [info] Added views:workbench.debug.welcome in workbench.view.debug
2025-02-02 15:44:46.493 [info] Added views:~remote.forwardedPorts in ~remote.forwardedPortsContainer
2025-02-02 15:44:46.686 [info] Added views:workbench.panel.repl.view in workbench.panel.repl
2025-02-02 15:44:46.823 [info] Added views:workbench.scm.history in workbench.view.scm
2025-02-04 13:25:11.109 [info] Removed views:workbench.scm.history from workbench.view.scm
