2025-02-01 18:32:07.709 [info] Added views:outline in workbench.view.explorer
2025-02-01 18:32:07.709 [info] Added views:workbench.view.search in workbench.view.search
2025-02-01 18:32:07.709 [info] Added views:workbench.scm in workbench.view.scm
2025-02-01 18:32:07.709 [info] Added views:workbench.panel.markers.view in workbench.panel.markers
2025-02-01 18:32:07.709 [info] Added views:workbench.panel.output in workbench.panel.output
2025-02-01 18:32:07.709 [info] Added views:terminal in terminal
2025-02-01 18:32:07.709 [info] Added views:timeline in workbench.view.explorer
2025-02-01 18:32:07.709 [info] Added views:workbench.explorer.fileView in workbench.view.explorer
2025-02-01 18:32:07.866 [info] Added views:workbench.debug.welcome in workbench.view.debug
2025-02-01 18:32:08.138 [info] Added views:workbench.panel.repl.view in workbench.panel.repl
2025-02-01 18:32:08.520 [info] Added views:~remote.forwardedPorts in ~remote.forwardedPortsContainer
2025-02-01 18:32:08.649 [info] Added views:workbench.scm.history in workbench.view.scm
2025-02-01 18:34:47.298 [info] Added views:workbench.views.extensions.installed,workbench.views.extensions.popular,extensions.recommendedList in workbench.view.extensions
2025-02-01 18:34:47.300 [info] Removed views:workbench.views.extensions.popular from workbench.view.extensions
2025-02-01 18:35:03.418 [info] Showing view workbench.explorer.openEditorsView in the container workbench.view.explorer
2025-02-01 18:35:03.424 [info] Added views:workbench.explorer.openEditorsView in workbench.view.explorer
2025-02-01 18:35:28.855 [info] Removed views:workbench.scm.history from workbench.view.scm
2025-02-01 18:35:29.229 [info] Added views:outline in workbench.view.explorer
2025-02-01 18:35:29.229 [info] Added views:workbench.view.search in workbench.view.search
2025-02-01 18:35:29.229 [info] Added views:workbench.scm in workbench.view.scm
2025-02-01 18:35:29.229 [info] Added views:workbench.panel.markers.view in workbench.panel.markers
2025-02-01 18:35:29.229 [info] Added views:workbench.panel.output in workbench.panel.output
2025-02-01 18:35:29.229 [info] Added views:terminal in terminal
2025-02-01 18:35:29.229 [info] Added views:timeline in workbench.view.explorer
2025-02-01 18:35:29.229 [info] Added views:workbench.explorer.openEditorsView,workbench.explorer.fileView in workbench.view.explorer
2025-02-01 18:35:29.499 [info] Added views:workbench.debug.variablesView,workbench.debug.watchExpressionsView,workbench.debug.callStackView,workbench.debug.breakPointsView in workbench.view.debug
2025-02-01 18:35:29.530 [info] Added views:~remote.forwardedPorts in ~remote.forwardedPortsContainer
2025-02-01 18:35:29.660 [info] Added views:workbench.panel.repl.view in workbench.panel.repl
2025-02-01 18:35:29.662 [info] Removed views:workbench.debug.breakPointsView,workbench.debug.callStackView,workbench.debug.watchExpressionsView,workbench.debug.variablesView from workbench.view.debug
2025-02-01 18:35:29.662 [info] Added views:workbench.debug.welcome in workbench.view.debug
2025-02-01 18:35:29.797 [info] Added views:workbench.scm.history in workbench.view.scm
2025-02-01 19:09:17.096 [info] Removed views:workbench.scm.history from workbench.view.scm
